2018-04-23 10:25:45,920 - Log4JLogChute initialized using file 'velocity.log'
2018-04-23 10:25:45,920 - Initializing Velocity, Calling init()...
2018-04-23 10:25:45,920 - Starting Apache Velocity v1.7 (compiled: 2010-11-19 12:14:37)
2018-04-23 10:25:45,920 - Default Properties File: org\apache\velocity\runtime\defaults\velocity.properties
2018-04-23 10:25:45,920 - Trying to use logger class org.apache.velocity.runtime.log.AvalonLogChute
2018-04-23 10:25:45,920 - Target log system for org.apache.velocity.runtime.log.AvalonLogChute is not available (java.lang.NoClassDefFoundError: org/apache/log/format/Formatter).  Falling back to next log system...
2018-04-23 10:25:45,920 - Trying to use logger class org.apache.velocity.runtime.log.Log4JLogChute
2018-04-23 10:25:45,920 - Using logger class org.apache.velocity.runtime.log.Log4JLogChute
2018-04-23 10:25:45,936 - ResourceLoader instantiated: org.apache.velocity.runtime.resource.loader.ClasspathResourceLoader
2018-04-23 10:25:45,936 - ResourceCache: initialized (class org.apache.velocity.runtime.resource.ResourceCacheImpl) with class java.util.Collections$SynchronizedMap cache map.
2018-04-23 10:25:45,936 - Loaded System Directive: org.apache.velocity.runtime.directive.Stop
2018-04-23 10:25:45,936 - Loaded System Directive: org.apache.velocity.runtime.directive.Define
2018-04-23 10:25:45,936 - Loaded System Directive: org.apache.velocity.runtime.directive.Break
2018-04-23 10:25:45,936 - Loaded System Directive: org.apache.velocity.runtime.directive.Evaluate
2018-04-23 10:25:45,936 - Loaded System Directive: org.apache.velocity.runtime.directive.Literal
2018-04-23 10:25:45,951 - Loaded System Directive: org.apache.velocity.runtime.directive.Macro
2018-04-23 10:25:45,951 - Loaded System Directive: org.apache.velocity.runtime.directive.Parse
2018-04-23 10:25:45,951 - Loaded System Directive: org.apache.velocity.runtime.directive.Include
2018-04-23 10:25:45,951 - Loaded System Directive: org.apache.velocity.runtime.directive.Foreach
2018-04-23 10:25:45,967 - Created '20' parsers.
2018-04-23 10:25:45,967 - Velocimacro : "velocimacro.library" is not set.  Trying default library: VM_global_library.vm
2018-04-23 10:25:45,967 - Could not load resource 'VM_global_library.vm' from ResourceLoader org.apache.velocity.runtime.resource.loader.ClasspathResourceLoader: ClasspathResourceLoader Error: cannot find resource VM_global_library.vm
2018-04-23 10:25:45,967 - Velocimacro : Default library not found.
2018-04-23 10:25:45,967 - Velocimacro : allowInline = true : VMs can be defined inline in templates
2018-04-23 10:25:45,967 - Velocimacro : allowInlineToOverride = false : VMs defined inline may NOT replace previous VM definitions
2018-04-23 10:25:45,967 - Velocimacro : allowInlineLocal = false : VMs defined inline will be global in scope if allowed.
2018-04-23 10:25:45,967 - Velocimacro : autoload off : VM system will not automatically reload global library macros
2018-04-23 10:56:10,777 - Log4JLogChute initialized using file 'velocity.log'
2018-04-23 10:56:10,777 - Initializing Velocity, Calling init()...
2018-04-23 10:56:10,777 - Starting Apache Velocity v1.7 (compiled: 2010-11-19 12:14:37)
2018-04-23 10:56:10,777 - Default Properties File: org\apache\velocity\runtime\defaults\velocity.properties
2018-04-23 10:56:10,777 - Trying to use logger class org.apache.velocity.runtime.log.AvalonLogChute
2018-04-23 10:56:10,777 - Target log system for org.apache.velocity.runtime.log.AvalonLogChute is not available (java.lang.NoClassDefFoundError: org/apache/log/format/Formatter).  Falling back to next log system...
2018-04-23 10:56:10,777 - Trying to use logger class org.apache.velocity.runtime.log.Log4JLogChute
2018-04-23 10:56:10,777 - Using logger class org.apache.velocity.runtime.log.Log4JLogChute
2018-04-23 10:56:10,777 - ResourceLoader instantiated: org.apache.velocity.runtime.resource.loader.ClasspathResourceLoader
2018-04-23 10:56:10,777 - ResourceCache: initialized (class org.apache.velocity.runtime.resource.ResourceCacheImpl) with class java.util.Collections$SynchronizedMap cache map.
2018-04-23 10:56:10,777 - Loaded System Directive: org.apache.velocity.runtime.directive.Stop
2018-04-23 10:56:10,792 - Loaded System Directive: org.apache.velocity.runtime.directive.Define
2018-04-23 10:56:10,792 - Loaded System Directive: org.apache.velocity.runtime.directive.Break
2018-04-23 10:56:10,792 - Loaded System Directive: org.apache.velocity.runtime.directive.Evaluate
2018-04-23 10:56:10,792 - Loaded System Directive: org.apache.velocity.runtime.directive.Literal
2018-04-23 10:56:10,792 - Loaded System Directive: org.apache.velocity.runtime.directive.Macro
2018-04-23 10:56:10,792 - Loaded System Directive: org.apache.velocity.runtime.directive.Parse
2018-04-23 10:56:10,792 - Loaded System Directive: org.apache.velocity.runtime.directive.Include
2018-04-23 10:56:10,792 - Loaded System Directive: org.apache.velocity.runtime.directive.Foreach
2018-04-23 10:56:10,808 - Created '20' parsers.
2018-04-23 10:56:10,808 - Velocimacro : "velocimacro.library" is not set.  Trying default library: VM_global_library.vm
2018-04-23 10:56:10,808 - Could not load resource 'VM_global_library.vm' from ResourceLoader org.apache.velocity.runtime.resource.loader.ClasspathResourceLoader: ClasspathResourceLoader Error: cannot find resource VM_global_library.vm
2018-04-23 10:56:10,808 - Velocimacro : Default library not found.
2018-04-23 10:56:10,808 - Velocimacro : allowInline = true : VMs can be defined inline in templates
2018-04-23 10:56:10,808 - Velocimacro : allowInlineToOverride = false : VMs defined inline may NOT replace previous VM definitions
2018-04-23 10:56:10,808 - Velocimacro : allowInlineLocal = false : VMs defined inline will be global in scope if allowed.
2018-04-23 10:56:10,808 - Velocimacro : autoload off : VM system will not automatically reload global library macros
2018-04-23 13:44:05,631 - Log4JLogChute initialized using file 'velocity.log'
2018-04-23 13:44:05,631 - Initializing Velocity, Calling init()...
2018-04-23 13:44:05,631 - Starting Apache Velocity v1.7 (compiled: 2010-11-19 12:14:37)
2018-04-23 13:44:05,631 - Default Properties File: org\apache\velocity\runtime\defaults\velocity.properties
2018-04-23 13:44:05,631 - Trying to use logger class org.apache.velocity.runtime.log.AvalonLogChute
2018-04-23 13:44:05,631 - Target log system for org.apache.velocity.runtime.log.AvalonLogChute is not available (java.lang.NoClassDefFoundError: org/apache/log/format/Formatter).  Falling back to next log system...
2018-04-23 13:44:05,631 - Trying to use logger class org.apache.velocity.runtime.log.Log4JLogChute
2018-04-23 13:44:05,631 - Using logger class org.apache.velocity.runtime.log.Log4JLogChute
2018-04-23 13:44:05,631 - ResourceLoader instantiated: org.apache.velocity.runtime.resource.loader.ClasspathResourceLoader
2018-04-23 13:44:05,647 - ResourceCache: initialized (class org.apache.velocity.runtime.resource.ResourceCacheImpl) with class java.util.Collections$SynchronizedMap cache map.
2018-04-23 13:44:05,647 - Loaded System Directive: org.apache.velocity.runtime.directive.Stop
2018-04-23 13:44:05,647 - Loaded System Directive: org.apache.velocity.runtime.directive.Define
2018-04-23 13:44:05,647 - Loaded System Directive: org.apache.velocity.runtime.directive.Break
2018-04-23 13:44:05,647 - Loaded System Directive: org.apache.velocity.runtime.directive.Evaluate
2018-04-23 13:44:05,647 - Loaded System Directive: org.apache.velocity.runtime.directive.Literal
2018-04-23 13:44:05,647 - Loaded System Directive: org.apache.velocity.runtime.directive.Macro
2018-04-23 13:44:05,647 - Loaded System Directive: org.apache.velocity.runtime.directive.Parse
2018-04-23 13:44:05,647 - Loaded System Directive: org.apache.velocity.runtime.directive.Include
2018-04-23 13:44:05,647 - Loaded System Directive: org.apache.velocity.runtime.directive.Foreach
2018-04-23 13:44:05,678 - Created '20' parsers.
2018-04-23 13:44:05,678 - Velocimacro : "velocimacro.library" is not set.  Trying default library: VM_global_library.vm
2018-04-23 13:44:05,678 - Could not load resource 'VM_global_library.vm' from ResourceLoader org.apache.velocity.runtime.resource.loader.ClasspathResourceLoader: ClasspathResourceLoader Error: cannot find resource VM_global_library.vm
2018-04-23 13:44:05,678 - Velocimacro : Default library not found.
2018-04-23 13:44:05,678 - Velocimacro : allowInline = true : VMs can be defined inline in templates
2018-04-23 13:44:05,678 - Velocimacro : allowInlineToOverride = false : VMs defined inline may NOT replace previous VM definitions
2018-04-23 13:44:05,678 - Velocimacro : allowInlineLocal = false : VMs defined inline will be global in scope if allowed.
2018-04-23 13:44:05,678 - Velocimacro : autoload off : VM system will not automatically reload global library macros
2018-04-23 13:47:18,839 - Log4JLogChute initialized using file 'velocity.log'
2018-04-23 13:47:18,839 - Initializing Velocity, Calling init()...
2018-04-23 13:47:18,839 - Starting Apache Velocity v1.7 (compiled: 2010-11-19 12:14:37)
2018-04-23 13:47:18,839 - Default Properties File: org\apache\velocity\runtime\defaults\velocity.properties
2018-04-23 13:47:18,839 - Trying to use logger class org.apache.velocity.runtime.log.AvalonLogChute
2018-04-23 13:47:18,839 - Target log system for org.apache.velocity.runtime.log.AvalonLogChute is not available (java.lang.NoClassDefFoundError: org/apache/log/format/Formatter).  Falling back to next log system...
2018-04-23 13:47:18,839 - Trying to use logger class org.apache.velocity.runtime.log.Log4JLogChute
2018-04-23 13:47:18,839 - Using logger class org.apache.velocity.runtime.log.Log4JLogChute
2018-04-23 13:47:18,839 - ResourceLoader instantiated: org.apache.velocity.runtime.resource.loader.ClasspathResourceLoader
2018-04-23 13:47:18,855 - ResourceCache: initialized (class org.apache.velocity.runtime.resource.ResourceCacheImpl) with class java.util.Collections$SynchronizedMap cache map.
2018-04-23 13:47:18,855 - Loaded System Directive: org.apache.velocity.runtime.directive.Stop
2018-04-23 13:47:18,855 - Loaded System Directive: org.apache.velocity.runtime.directive.Define
2018-04-23 13:47:18,855 - Loaded System Directive: org.apache.velocity.runtime.directive.Break
2018-04-23 13:47:18,855 - Loaded System Directive: org.apache.velocity.runtime.directive.Evaluate
2018-04-23 13:47:18,855 - Loaded System Directive: org.apache.velocity.runtime.directive.Literal
2018-04-23 13:47:18,871 - Loaded System Directive: org.apache.velocity.runtime.directive.Macro
2018-04-23 13:47:18,871 - Loaded System Directive: org.apache.velocity.runtime.directive.Parse
2018-04-23 13:47:18,871 - Loaded System Directive: org.apache.velocity.runtime.directive.Include
2018-04-23 13:47:18,871 - Loaded System Directive: org.apache.velocity.runtime.directive.Foreach
2018-04-23 13:47:18,886 - Created '20' parsers.
2018-04-23 13:47:18,886 - Velocimacro : "velocimacro.library" is not set.  Trying default library: VM_global_library.vm
2018-04-23 13:47:18,886 - Could not load resource 'VM_global_library.vm' from ResourceLoader org.apache.velocity.runtime.resource.loader.ClasspathResourceLoader: ClasspathResourceLoader Error: cannot find resource VM_global_library.vm
2018-04-23 13:47:18,886 - Velocimacro : Default library not found.
2018-04-23 13:47:18,886 - Velocimacro : allowInline = true : VMs can be defined inline in templates
2018-04-23 13:47:18,886 - Velocimacro : allowInlineToOverride = false : VMs defined inline may NOT replace previous VM definitions
2018-04-23 13:47:18,886 - Velocimacro : allowInlineLocal = false : VMs defined inline will be global in scope if allowed.
2018-04-23 13:47:18,886 - Velocimacro : autoload off : VM system will not automatically reload global library macros
2018-04-23 13:47:18,902 - ResourceManager : found test-subject.vm with loader org.apache.velocity.runtime.resource.loader.ClasspathResourceLoader
2018-04-23 13:53:41,309 - Log4JLogChute initialized using file 'velocity.log'
2018-04-23 13:53:41,309 - Initializing Velocity, Calling init()...
2018-04-23 13:53:41,309 - Starting Apache Velocity v1.7 (compiled: 2010-11-19 12:14:37)
2018-04-23 13:53:41,309 - Default Properties File: org\apache\velocity\runtime\defaults\velocity.properties
2018-04-23 13:53:41,309 - Trying to use logger class org.apache.velocity.runtime.log.AvalonLogChute
2018-04-23 13:53:41,309 - Target log system for org.apache.velocity.runtime.log.AvalonLogChute is not available (java.lang.NoClassDefFoundError: org/apache/log/format/Formatter).  Falling back to next log system...
2018-04-23 13:53:41,309 - Trying to use logger class org.apache.velocity.runtime.log.Log4JLogChute
2018-04-23 13:53:41,309 - Using logger class org.apache.velocity.runtime.log.Log4JLogChute
2018-04-23 13:53:41,309 - ResourceLoader instantiated: org.apache.velocity.runtime.resource.loader.ClasspathResourceLoader
2018-04-23 13:53:41,324 - ResourceCache: initialized (class org.apache.velocity.runtime.resource.ResourceCacheImpl) with class java.util.Collections$SynchronizedMap cache map.
2018-04-23 13:53:41,324 - Loaded System Directive: org.apache.velocity.runtime.directive.Stop
2018-04-23 13:53:41,324 - Loaded System Directive: org.apache.velocity.runtime.directive.Define
2018-04-23 13:53:41,324 - Loaded System Directive: org.apache.velocity.runtime.directive.Break
2018-04-23 13:53:41,324 - Loaded System Directive: org.apache.velocity.runtime.directive.Evaluate
2018-04-23 13:53:41,324 - Loaded System Directive: org.apache.velocity.runtime.directive.Literal
2018-04-23 13:53:41,340 - Loaded System Directive: org.apache.velocity.runtime.directive.Macro
2018-04-23 13:53:41,340 - Loaded System Directive: org.apache.velocity.runtime.directive.Parse
2018-04-23 13:53:41,340 - Loaded System Directive: org.apache.velocity.runtime.directive.Include
2018-04-23 13:53:41,340 - Loaded System Directive: org.apache.velocity.runtime.directive.Foreach
2018-04-23 13:53:41,371 - Created '20' parsers.
2018-04-23 13:53:41,371 - Velocimacro : "velocimacro.library" is not set.  Trying default library: VM_global_library.vm
2018-04-23 13:53:41,371 - Could not load resource 'VM_global_library.vm' from ResourceLoader org.apache.velocity.runtime.resource.loader.ClasspathResourceLoader: ClasspathResourceLoader Error: cannot find resource VM_global_library.vm
2018-04-23 13:53:41,371 - Velocimacro : Default library not found.
2018-04-23 13:53:41,371 - Velocimacro : allowInline = true : VMs can be defined inline in templates
2018-04-23 13:53:41,371 - Velocimacro : allowInlineToOverride = false : VMs defined inline may NOT replace previous VM definitions
2018-04-23 13:53:41,371 - Velocimacro : allowInlineLocal = false : VMs defined inline will be global in scope if allowed.
2018-04-23 13:53:41,371 - Velocimacro : autoload off : VM system will not automatically reload global library macros
2018-04-23 13:53:41,371 - ResourceManager : found test-subject.vm with loader org.apache.velocity.runtime.resource.loader.ClasspathResourceLoader
2018-04-23 13:54:19,102 - Log4JLogChute initialized using file 'velocity.log'
2018-04-23 13:54:19,102 - Initializing Velocity, Calling init()...
2018-04-23 13:54:19,102 - Starting Apache Velocity v1.7 (compiled: 2010-11-19 12:14:37)
2018-04-23 13:54:19,102 - Default Properties File: org\apache\velocity\runtime\defaults\velocity.properties
2018-04-23 13:54:19,102 - Trying to use logger class org.apache.velocity.runtime.log.AvalonLogChute
2018-04-23 13:54:19,102 - Target log system for org.apache.velocity.runtime.log.AvalonLogChute is not available (java.lang.NoClassDefFoundError: org/apache/log/format/Formatter).  Falling back to next log system...
2018-04-23 13:54:19,102 - Trying to use logger class org.apache.velocity.runtime.log.Log4JLogChute
2018-04-23 13:54:19,102 - Using logger class org.apache.velocity.runtime.log.Log4JLogChute
2018-04-23 13:54:19,102 - ResourceLoader instantiated: org.apache.velocity.runtime.resource.loader.ClasspathResourceLoader
2018-04-23 13:54:19,118 - ResourceCache: initialized (class org.apache.velocity.runtime.resource.ResourceCacheImpl) with class java.util.Collections$SynchronizedMap cache map.
2018-04-23 13:54:19,118 - Loaded System Directive: org.apache.velocity.runtime.directive.Stop
2018-04-23 13:54:19,118 - Loaded System Directive: org.apache.velocity.runtime.directive.Define
2018-04-23 13:54:19,118 - Loaded System Directive: org.apache.velocity.runtime.directive.Break
2018-04-23 13:54:19,133 - Loaded System Directive: org.apache.velocity.runtime.directive.Evaluate
2018-04-23 13:54:19,133 - Loaded System Directive: org.apache.velocity.runtime.directive.Literal
2018-04-23 13:54:19,133 - Loaded System Directive: org.apache.velocity.runtime.directive.Macro
2018-04-23 13:54:19,133 - Loaded System Directive: org.apache.velocity.runtime.directive.Parse
2018-04-23 13:54:19,133 - Loaded System Directive: org.apache.velocity.runtime.directive.Include
2018-04-23 13:54:19,133 - Loaded System Directive: org.apache.velocity.runtime.directive.Foreach
2018-04-23 13:54:19,149 - Created '20' parsers.
2018-04-23 13:54:19,164 - Velocimacro : "velocimacro.library" is not set.  Trying default library: VM_global_library.vm
2018-04-23 13:54:19,164 - Could not load resource 'VM_global_library.vm' from ResourceLoader org.apache.velocity.runtime.resource.loader.ClasspathResourceLoader: ClasspathResourceLoader Error: cannot find resource VM_global_library.vm
2018-04-23 13:54:19,164 - Velocimacro : Default library not found.
2018-04-23 13:54:19,164 - Velocimacro : allowInline = true : VMs can be defined inline in templates
2018-04-23 13:54:19,164 - Velocimacro : allowInlineToOverride = false : VMs defined inline may NOT replace previous VM definitions
2018-04-23 13:54:19,164 - Velocimacro : allowInlineLocal = false : VMs defined inline will be global in scope if allowed.
2018-04-23 13:54:19,164 - Velocimacro : autoload off : VM system will not automatically reload global library macros
2018-04-23 13:54:19,164 - ResourceManager : found test-subject.vm with loader org.apache.velocity.runtime.resource.loader.ClasspathResourceLoader
2018-04-23 14:25:11,251 - Log4JLogChute initialized using file 'velocity.log'
2018-04-23 14:25:11,251 - Initializing Velocity, Calling init()...
2018-04-23 14:25:11,251 - Starting Apache Velocity v1.7 (compiled: 2010-11-19 12:14:37)
2018-04-23 14:25:11,251 - Default Properties File: org\apache\velocity\runtime\defaults\velocity.properties
2018-04-23 14:25:11,251 - Trying to use logger class org.apache.velocity.runtime.log.AvalonLogChute
2018-04-23 14:25:11,251 - Target log system for org.apache.velocity.runtime.log.AvalonLogChute is not available (java.lang.NoClassDefFoundError: org/apache/log/format/Formatter).  Falling back to next log system...
2018-04-23 14:25:11,251 - Trying to use logger class org.apache.velocity.runtime.log.Log4JLogChute
2018-04-23 14:25:11,251 - Using logger class org.apache.velocity.runtime.log.Log4JLogChute
2018-04-23 14:25:11,251 - ResourceLoader instantiated: org.apache.velocity.runtime.resource.loader.ClasspathResourceLoader
2018-04-23 14:25:11,266 - ResourceCache: initialized (class org.apache.velocity.runtime.resource.ResourceCacheImpl) with class java.util.Collections$SynchronizedMap cache map.
2018-04-23 14:25:11,266 - Loaded System Directive: org.apache.velocity.runtime.directive.Stop
2018-04-23 14:25:11,266 - Loaded System Directive: org.apache.velocity.runtime.directive.Define
2018-04-23 14:25:11,266 - Loaded System Directive: org.apache.velocity.runtime.directive.Break
2018-04-23 14:25:11,266 - Loaded System Directive: org.apache.velocity.runtime.directive.Evaluate
2018-04-23 14:25:11,266 - Loaded System Directive: org.apache.velocity.runtime.directive.Literal
2018-04-23 14:25:11,266 - Loaded System Directive: org.apache.velocity.runtime.directive.Macro
2018-04-23 14:25:11,266 - Loaded System Directive: org.apache.velocity.runtime.directive.Parse
2018-04-23 14:25:11,266 - Loaded System Directive: org.apache.velocity.runtime.directive.Include
2018-04-23 14:25:11,266 - Loaded System Directive: org.apache.velocity.runtime.directive.Foreach
2018-04-23 14:25:11,298 - Created '20' parsers.
2018-04-23 14:25:11,298 - Velocimacro : "velocimacro.library" is not set.  Trying default library: VM_global_library.vm
2018-04-23 14:25:11,298 - Could not load resource 'VM_global_library.vm' from ResourceLoader org.apache.velocity.runtime.resource.loader.ClasspathResourceLoader: ClasspathResourceLoader Error: cannot find resource VM_global_library.vm
2018-04-23 14:25:11,298 - Velocimacro : Default library not found.
2018-04-23 14:25:11,298 - Velocimacro : allowInline = true : VMs can be defined inline in templates
2018-04-23 14:25:11,298 - Velocimacro : allowInlineToOverride = false : VMs defined inline may NOT replace previous VM definitions
2018-04-23 14:25:11,298 - Velocimacro : allowInlineLocal = false : VMs defined inline will be global in scope if allowed.
2018-04-23 14:25:11,298 - Velocimacro : autoload off : VM system will not automatically reload global library macros
2018-04-23 14:25:11,298 - ResourceManager : found test-subject.vm with loader org.apache.velocity.runtime.resource.loader.ClasspathResourceLoader
2018-04-23 14:28:51,880 - Log4JLogChute initialized using file 'velocity.log'
2018-04-23 14:28:51,880 - Initializing Velocity, Calling init()...
2018-04-23 14:28:51,880 - Starting Apache Velocity v1.7 (compiled: 2010-11-19 12:14:37)
2018-04-23 14:28:51,880 - Default Properties File: org\apache\velocity\runtime\defaults\velocity.properties
2018-04-23 14:28:51,880 - Trying to use logger class org.apache.velocity.runtime.log.AvalonLogChute
2018-04-23 14:28:51,880 - Target log system for org.apache.velocity.runtime.log.AvalonLogChute is not available (java.lang.NoClassDefFoundError: org/apache/log/format/Formatter).  Falling back to next log system...
2018-04-23 14:28:51,880 - Trying to use logger class org.apache.velocity.runtime.log.Log4JLogChute
2018-04-23 14:28:51,880 - Using logger class org.apache.velocity.runtime.log.Log4JLogChute
2018-04-23 14:28:51,880 - ResourceLoader instantiated: org.apache.velocity.runtime.resource.loader.ClasspathResourceLoader
2018-04-23 14:28:51,896 - ResourceCache: initialized (class org.apache.velocity.runtime.resource.ResourceCacheImpl) with class java.util.Collections$SynchronizedMap cache map.
2018-04-23 14:28:51,896 - Loaded System Directive: org.apache.velocity.runtime.directive.Stop
2018-04-23 14:28:51,896 - Loaded System Directive: org.apache.velocity.runtime.directive.Define
2018-04-23 14:28:51,896 - Loaded System Directive: org.apache.velocity.runtime.directive.Break
2018-04-23 14:28:51,896 - Loaded System Directive: org.apache.velocity.runtime.directive.Evaluate
2018-04-23 14:28:51,896 - Loaded System Directive: org.apache.velocity.runtime.directive.Literal
2018-04-23 14:28:51,896 - Loaded System Directive: org.apache.velocity.runtime.directive.Macro
2018-04-23 14:28:51,896 - Loaded System Directive: org.apache.velocity.runtime.directive.Parse
2018-04-23 14:28:51,896 - Loaded System Directive: org.apache.velocity.runtime.directive.Include
2018-04-23 14:28:51,896 - Loaded System Directive: org.apache.velocity.runtime.directive.Foreach
2018-04-23 14:28:51,927 - Created '20' parsers.
2018-04-23 14:28:51,927 - Velocimacro : "velocimacro.library" is not set.  Trying default library: VM_global_library.vm
2018-04-23 14:28:51,927 - Could not load resource 'VM_global_library.vm' from ResourceLoader org.apache.velocity.runtime.resource.loader.ClasspathResourceLoader: ClasspathResourceLoader Error: cannot find resource VM_global_library.vm
2018-04-23 14:28:51,927 - Velocimacro : Default library not found.
2018-04-23 14:28:51,927 - Velocimacro : allowInline = true : VMs can be defined inline in templates
2018-04-23 14:28:51,927 - Velocimacro : allowInlineToOverride = false : VMs defined inline may NOT replace previous VM definitions
2018-04-23 14:28:51,927 - Velocimacro : allowInlineLocal = false : VMs defined inline will be global in scope if allowed.
2018-04-23 14:28:51,927 - Velocimacro : autoload off : VM system will not automatically reload global library macros
2018-04-23 14:28:51,927 - ResourceManager : found test-subject.vm with loader org.apache.velocity.runtime.resource.loader.ClasspathResourceLoader
2018-04-23 14:30:35,476 - Log4JLogChute initialized using file 'velocity.log'
2018-04-23 14:30:35,476 - Initializing Velocity, Calling init()...
2018-04-23 14:30:35,476 - Starting Apache Velocity v1.7 (compiled: 2010-11-19 12:14:37)
2018-04-23 14:30:35,476 - Default Properties File: org\apache\velocity\runtime\defaults\velocity.properties
2018-04-23 14:30:35,476 - Trying to use logger class org.apache.velocity.runtime.log.AvalonLogChute
2018-04-23 14:30:35,476 - Target log system for org.apache.velocity.runtime.log.AvalonLogChute is not available (java.lang.NoClassDefFoundError: org/apache/log/format/Formatter).  Falling back to next log system...
2018-04-23 14:30:35,476 - Trying to use logger class org.apache.velocity.runtime.log.Log4JLogChute
2018-04-23 14:30:35,476 - Using logger class org.apache.velocity.runtime.log.Log4JLogChute
2018-04-23 14:30:35,476 - ResourceLoader instantiated: org.apache.velocity.runtime.resource.loader.ClasspathResourceLoader
2018-04-23 14:30:35,492 - ResourceCache: initialized (class org.apache.velocity.runtime.resource.ResourceCacheImpl) with class java.util.Collections$SynchronizedMap cache map.
2018-04-23 14:30:35,492 - Loaded System Directive: org.apache.velocity.runtime.directive.Stop
2018-04-23 14:30:35,492 - Loaded System Directive: org.apache.velocity.runtime.directive.Define
2018-04-23 14:30:35,492 - Loaded System Directive: org.apache.velocity.runtime.directive.Break
2018-04-23 14:30:35,492 - Loaded System Directive: org.apache.velocity.runtime.directive.Evaluate
2018-04-23 14:30:35,492 - Loaded System Directive: org.apache.velocity.runtime.directive.Literal
2018-04-23 14:30:35,492 - Loaded System Directive: org.apache.velocity.runtime.directive.Macro
2018-04-23 14:30:35,492 - Loaded System Directive: org.apache.velocity.runtime.directive.Parse
2018-04-23 14:30:35,492 - Loaded System Directive: org.apache.velocity.runtime.directive.Include
2018-04-23 14:30:35,492 - Loaded System Directive: org.apache.velocity.runtime.directive.Foreach
2018-04-23 14:30:35,523 - Created '20' parsers.
2018-04-23 14:30:35,523 - Velocimacro : "velocimacro.library" is not set.  Trying default library: VM_global_library.vm
2018-04-23 14:30:35,523 - Could not load resource 'VM_global_library.vm' from ResourceLoader org.apache.velocity.runtime.resource.loader.ClasspathResourceLoader: ClasspathResourceLoader Error: cannot find resource VM_global_library.vm
2018-04-23 14:30:35,523 - Velocimacro : Default library not found.
2018-04-23 14:30:35,523 - Velocimacro : allowInline = true : VMs can be defined inline in templates
2018-04-23 14:30:35,523 - Velocimacro : allowInlineToOverride = false : VMs defined inline may NOT replace previous VM definitions
2018-04-23 14:30:35,523 - Velocimacro : allowInlineLocal = false : VMs defined inline will be global in scope if allowed.
2018-04-23 14:30:35,523 - Velocimacro : autoload off : VM system will not automatically reload global library macros
2018-04-23 14:30:35,539 - ResourceManager : found test-subject.vm with loader org.apache.velocity.runtime.resource.loader.ClasspathResourceLoader
2018-04-23 14:40:57,843 - Log4JLogChute initialized using file 'velocity.log'
2018-04-23 14:40:57,858 - Initializing Velocity, Calling init()...
2018-04-23 14:40:57,858 - Starting Apache Velocity v1.7 (compiled: 2010-11-19 12:14:37)
2018-04-23 14:40:57,858 - Default Properties File: org\apache\velocity\runtime\defaults\velocity.properties
2018-04-23 14:40:57,858 - Trying to use logger class org.apache.velocity.runtime.log.AvalonLogChute
2018-04-23 14:40:57,858 - Target log system for org.apache.velocity.runtime.log.AvalonLogChute is not available (java.lang.NoClassDefFoundError: org/apache/log/format/Formatter).  Falling back to next log system...
2018-04-23 14:40:57,858 - Trying to use logger class org.apache.velocity.runtime.log.Log4JLogChute
2018-04-23 14:40:57,858 - Using logger class org.apache.velocity.runtime.log.Log4JLogChute
2018-04-23 14:40:57,858 - ResourceLoader instantiated: org.apache.velocity.runtime.resource.loader.ClasspathResourceLoader
2018-04-23 14:40:57,858 - ResourceCache: initialized (class org.apache.velocity.runtime.resource.ResourceCacheImpl) with class java.util.Collections$SynchronizedMap cache map.
2018-04-23 14:40:57,858 - Loaded System Directive: org.apache.velocity.runtime.directive.Stop
2018-04-23 14:40:57,858 - Loaded System Directive: org.apache.velocity.runtime.directive.Define
2018-04-23 14:40:57,858 - Loaded System Directive: org.apache.velocity.runtime.directive.Break
2018-04-23 14:40:57,874 - Loaded System Directive: org.apache.velocity.runtime.directive.Evaluate
2018-04-23 14:40:57,874 - Loaded System Directive: org.apache.velocity.runtime.directive.Literal
2018-04-23 14:40:57,874 - Loaded System Directive: org.apache.velocity.runtime.directive.Macro
2018-04-23 14:40:57,874 - Loaded System Directive: org.apache.velocity.runtime.directive.Parse
2018-04-23 14:40:57,874 - Loaded System Directive: org.apache.velocity.runtime.directive.Include
2018-04-23 14:40:57,874 - Loaded System Directive: org.apache.velocity.runtime.directive.Foreach
2018-04-23 14:40:57,905 - Created '20' parsers.
2018-04-23 14:40:57,905 - Velocimacro : "velocimacro.library" is not set.  Trying default library: VM_global_library.vm
2018-04-23 14:40:57,905 - Could not load resource 'VM_global_library.vm' from ResourceLoader org.apache.velocity.runtime.resource.loader.ClasspathResourceLoader: ClasspathResourceLoader Error: cannot find resource VM_global_library.vm
2018-04-23 14:40:57,905 - Velocimacro : Default library not found.
2018-04-23 14:40:57,905 - Velocimacro : allowInline = true : VMs can be defined inline in templates
2018-04-23 14:40:57,905 - Velocimacro : allowInlineToOverride = false : VMs defined inline may NOT replace previous VM definitions
2018-04-23 14:40:57,905 - Velocimacro : allowInlineLocal = false : VMs defined inline will be global in scope if allowed.
2018-04-23 14:40:57,905 - Velocimacro : autoload off : VM system will not automatically reload global library macros
2018-04-23 14:40:57,905 - ResourceManager : found test-subject.vm with loader org.apache.velocity.runtime.resource.loader.ClasspathResourceLoader
2018-04-23 14:51:45,380 - Log4JLogChute initialized using file 'velocity.log'
2018-04-23 14:51:45,380 - Initializing Velocity, Calling init()...
2018-04-23 14:51:45,380 - Starting Apache Velocity v1.7 (compiled: 2010-11-19 12:14:37)
2018-04-23 14:51:45,380 - Default Properties File: org\apache\velocity\runtime\defaults\velocity.properties
2018-04-23 14:51:45,380 - Trying to use logger class org.apache.velocity.runtime.log.AvalonLogChute
2018-04-23 14:51:45,380 - Target log system for org.apache.velocity.runtime.log.AvalonLogChute is not available (java.lang.NoClassDefFoundError: org/apache/log/format/Formatter).  Falling back to next log system...
2018-04-23 14:51:45,380 - Trying to use logger class org.apache.velocity.runtime.log.Log4JLogChute
2018-04-23 14:51:45,380 - Using logger class org.apache.velocity.runtime.log.Log4JLogChute
2018-04-23 14:51:45,380 - ResourceLoader instantiated: org.apache.velocity.runtime.resource.loader.ClasspathResourceLoader
2018-04-23 14:51:45,396 - ResourceCache: initialized (class org.apache.velocity.runtime.resource.ResourceCacheImpl) with class java.util.Collections$SynchronizedMap cache map.
2018-04-23 14:51:45,396 - Loaded System Directive: org.apache.velocity.runtime.directive.Stop
2018-04-23 14:51:45,396 - Loaded System Directive: org.apache.velocity.runtime.directive.Define
2018-04-23 14:51:45,396 - Loaded System Directive: org.apache.velocity.runtime.directive.Break
2018-04-23 14:51:45,396 - Loaded System Directive: org.apache.velocity.runtime.directive.Evaluate
2018-04-23 14:51:45,396 - Loaded System Directive: org.apache.velocity.runtime.directive.Literal
2018-04-23 14:51:45,396 - Loaded System Directive: org.apache.velocity.runtime.directive.Macro
2018-04-23 14:51:45,396 - Loaded System Directive: org.apache.velocity.runtime.directive.Parse
2018-04-23 14:51:45,396 - Loaded System Directive: org.apache.velocity.runtime.directive.Include
2018-04-23 14:51:45,396 - Loaded System Directive: org.apache.velocity.runtime.directive.Foreach
2018-04-23 14:51:45,427 - Created '20' parsers.
2018-04-23 14:51:45,427 - Velocimacro : "velocimacro.library" is not set.  Trying default library: VM_global_library.vm
2018-04-23 14:51:45,427 - Could not load resource 'VM_global_library.vm' from ResourceLoader org.apache.velocity.runtime.resource.loader.ClasspathResourceLoader: ClasspathResourceLoader Error: cannot find resource VM_global_library.vm
2018-04-23 14:51:45,427 - Velocimacro : Default library not found.
2018-04-23 14:51:45,427 - Velocimacro : allowInline = true : VMs can be defined inline in templates
2018-04-23 14:51:45,427 - Velocimacro : allowInlineToOverride = false : VMs defined inline may NOT replace previous VM definitions
2018-04-23 14:51:45,427 - Velocimacro : allowInlineLocal = false : VMs defined inline will be global in scope if allowed.
2018-04-23 14:51:45,427 - Velocimacro : autoload off : VM system will not automatically reload global library macros
2018-04-23 14:51:45,443 - ResourceManager : found test-subject.vm with loader org.apache.velocity.runtime.resource.loader.ClasspathResourceLoader
2018-04-30 09:59:04,120 - Log4JLogChute initialized using file 'velocity.log'
2018-04-30 09:59:04,120 - Initializing Velocity, Calling init()...
2018-04-30 09:59:04,120 - Starting Apache Velocity v1.7 (compiled: 2010-11-19 12:14:37)
2018-04-30 09:59:04,120 - Default Properties File: org\apache\velocity\runtime\defaults\velocity.properties
2018-04-30 09:59:04,120 - Trying to use logger class org.apache.velocity.runtime.log.AvalonLogChute
2018-04-30 09:59:04,120 - Target log system for org.apache.velocity.runtime.log.AvalonLogChute is not available (java.lang.NoClassDefFoundError: org/apache/log/format/Formatter).  Falling back to next log system...
2018-04-30 09:59:04,120 - Trying to use logger class org.apache.velocity.runtime.log.Log4JLogChute
2018-04-30 09:59:04,120 - Using logger class org.apache.velocity.runtime.log.Log4JLogChute
2018-04-30 09:59:04,120 - ResourceLoader instantiated: org.apache.velocity.runtime.resource.loader.ClasspathResourceLoader
2018-04-30 09:59:04,135 - ResourceCache: initialized (class org.apache.velocity.runtime.resource.ResourceCacheImpl) with class java.util.Collections$SynchronizedMap cache map.
2018-04-30 09:59:04,135 - Loaded System Directive: org.apache.velocity.runtime.directive.Stop
2018-04-30 09:59:04,135 - Loaded System Directive: org.apache.velocity.runtime.directive.Define
2018-04-30 09:59:04,135 - Loaded System Directive: org.apache.velocity.runtime.directive.Break
2018-04-30 09:59:04,135 - Loaded System Directive: org.apache.velocity.runtime.directive.Evaluate
2018-04-30 09:59:04,135 - Loaded System Directive: org.apache.velocity.runtime.directive.Literal
2018-04-30 09:59:04,135 - Loaded System Directive: org.apache.velocity.runtime.directive.Macro
2018-04-30 09:59:04,151 - Loaded System Directive: org.apache.velocity.runtime.directive.Parse
2018-04-30 09:59:04,151 - Loaded System Directive: org.apache.velocity.runtime.directive.Include
2018-04-30 09:59:04,151 - Loaded System Directive: org.apache.velocity.runtime.directive.Foreach
2018-04-30 09:59:04,198 - Created '20' parsers.
2018-04-30 09:59:04,214 - Velocimacro : "velocimacro.library" is not set.  Trying default library: VM_global_library.vm
2018-04-30 09:59:04,214 - Could not load resource 'VM_global_library.vm' from ResourceLoader org.apache.velocity.runtime.resource.loader.ClasspathResourceLoader: ClasspathResourceLoader Error: cannot find resource VM_global_library.vm
2018-04-30 09:59:04,214 - Velocimacro : Default library not found.
2018-04-30 09:59:04,214 - Velocimacro : allowInline = true : VMs can be defined inline in templates
2018-04-30 09:59:04,214 - Velocimacro : allowInlineToOverride = false : VMs defined inline may NOT replace previous VM definitions
2018-04-30 09:59:04,214 - Velocimacro : allowInlineLocal = false : VMs defined inline will be global in scope if allowed.
2018-04-30 09:59:04,214 - Velocimacro : autoload off : VM system will not automatically reload global library macros
2018-04-30 09:59:04,260 - ResourceManager : found test-subject.vm with loader org.apache.velocity.runtime.resource.loader.ClasspathResourceLoader
2018-04-30 10:14:15,213 - Log4JLogChute initialized using file 'velocity.log'
2018-04-30 10:14:15,213 - Initializing Velocity, Calling init()...
2018-04-30 10:14:15,213 - Starting Apache Velocity v1.7 (compiled: 2010-11-19 12:14:37)
2018-04-30 10:14:15,213 - Default Properties File: org\apache\velocity\runtime\defaults\velocity.properties
2018-04-30 10:14:15,213 - Trying to use logger class org.apache.velocity.runtime.log.AvalonLogChute
2018-04-30 10:14:15,213 - Target log system for org.apache.velocity.runtime.log.AvalonLogChute is not available (java.lang.NoClassDefFoundError: org/apache/log/format/Formatter).  Falling back to next log system...
2018-04-30 10:14:15,213 - Trying to use logger class org.apache.velocity.runtime.log.Log4JLogChute
2018-04-30 10:14:15,213 - Using logger class org.apache.velocity.runtime.log.Log4JLogChute
2018-04-30 10:14:15,213 - ResourceLoader instantiated: org.apache.velocity.runtime.resource.loader.ClasspathResourceLoader
2018-04-30 10:14:15,229 - ResourceCache: initialized (class org.apache.velocity.runtime.resource.ResourceCacheImpl) with class java.util.Collections$SynchronizedMap cache map.
2018-04-30 10:14:15,229 - Loaded System Directive: org.apache.velocity.runtime.directive.Stop
2018-04-30 10:14:15,229 - Loaded System Directive: org.apache.velocity.runtime.directive.Define
2018-04-30 10:14:15,229 - Loaded System Directive: org.apache.velocity.runtime.directive.Break
2018-04-30 10:14:15,229 - Loaded System Directive: org.apache.velocity.runtime.directive.Evaluate
2018-04-30 10:14:15,229 - Loaded System Directive: org.apache.velocity.runtime.directive.Literal
2018-04-30 10:14:15,229 - Loaded System Directive: org.apache.velocity.runtime.directive.Macro
2018-04-30 10:14:15,229 - Loaded System Directive: org.apache.velocity.runtime.directive.Parse
2018-04-30 10:14:15,229 - Loaded System Directive: org.apache.velocity.runtime.directive.Include
2018-04-30 10:14:15,229 - Loaded System Directive: org.apache.velocity.runtime.directive.Foreach
2018-04-30 10:14:15,260 - Created '20' parsers.
2018-04-30 10:14:15,260 - Velocimacro : "velocimacro.library" is not set.  Trying default library: VM_global_library.vm
2018-04-30 10:14:15,260 - Could not load resource 'VM_global_library.vm' from ResourceLoader org.apache.velocity.runtime.resource.loader.ClasspathResourceLoader: ClasspathResourceLoader Error: cannot find resource VM_global_library.vm
2018-04-30 10:14:15,260 - Velocimacro : Default library not found.
2018-04-30 10:14:15,260 - Velocimacro : allowInline = true : VMs can be defined inline in templates
2018-04-30 10:14:15,260 - Velocimacro : allowInlineToOverride = false : VMs defined inline may NOT replace previous VM definitions
2018-04-30 10:14:15,260 - Velocimacro : allowInlineLocal = false : VMs defined inline will be global in scope if allowed.
2018-04-30 10:14:15,260 - Velocimacro : autoload off : VM system will not automatically reload global library macros
2018-04-30 10:14:15,260 - ResourceManager : found test-subject.vm with loader org.apache.velocity.runtime.resource.loader.ClasspathResourceLoader
2018-05-01 13:57:58,551 - Log4JLogChute initialized using file 'velocity.log'
2018-05-01 13:57:58,552 - Initializing Velocity, Calling init()...
2018-05-01 13:57:58,552 - Starting Apache Velocity v1.7 (compiled: 2010-11-19 12:14:37)
2018-05-01 13:57:58,552 - Default Properties File: org\apache\velocity\runtime\defaults\velocity.properties
2018-05-01 13:57:58,552 - Trying to use logger class org.apache.velocity.runtime.log.AvalonLogChute
2018-05-01 13:57:58,552 - Target log system for org.apache.velocity.runtime.log.AvalonLogChute is not available (java.lang.NoClassDefFoundError: org/apache/log/format/Formatter).  Falling back to next log system...
2018-05-01 13:57:58,552 - Trying to use logger class org.apache.velocity.runtime.log.Log4JLogChute
2018-05-01 13:57:58,552 - Using logger class org.apache.velocity.runtime.log.Log4JLogChute
2018-05-01 13:57:58,557 - ResourceLoader instantiated: org.apache.velocity.runtime.resource.loader.ClasspathResourceLoader
2018-05-01 13:57:58,579 - ResourceCache: initialized (class org.apache.velocity.runtime.resource.ResourceCacheImpl) with class java.util.Collections$SynchronizedMap cache map.
2018-05-01 13:57:58,583 - Loaded System Directive: org.apache.velocity.runtime.directive.Stop
2018-05-01 13:57:58,584 - Loaded System Directive: org.apache.velocity.runtime.directive.Define
2018-05-01 13:57:58,585 - Loaded System Directive: org.apache.velocity.runtime.directive.Break
2018-05-01 13:57:58,586 - Loaded System Directive: org.apache.velocity.runtime.directive.Evaluate
2018-05-01 13:57:58,590 - Loaded System Directive: org.apache.velocity.runtime.directive.Literal
2018-05-01 13:57:58,592 - Loaded System Directive: org.apache.velocity.runtime.directive.Macro
2018-05-01 13:57:58,594 - Loaded System Directive: org.apache.velocity.runtime.directive.Parse
2018-05-01 13:57:58,596 - Loaded System Directive: org.apache.velocity.runtime.directive.Include
2018-05-01 13:57:58,597 - Loaded System Directive: org.apache.velocity.runtime.directive.Foreach
2018-05-01 13:57:58,643 - Created '20' parsers.
2018-05-01 13:57:58,651 - Velocimacro : "velocimacro.library" is not set.  Trying default library: VM_global_library.vm
2018-05-01 13:57:58,652 - Could not load resource 'VM_global_library.vm' from ResourceLoader org.apache.velocity.runtime.resource.loader.ClasspathResourceLoader: ClasspathResourceLoader Error: cannot find resource VM_global_library.vm
2018-05-01 13:57:58,652 - Velocimacro : Default library not found.
2018-05-01 13:57:58,652 - Velocimacro : allowInline = true : VMs can be defined inline in templates
2018-05-01 13:57:58,652 - Velocimacro : allowInlineToOverride = false : VMs defined inline may NOT replace previous VM definitions
2018-05-01 13:57:58,652 - Velocimacro : allowInlineLocal = false : VMs defined inline will be global in scope if allowed.
2018-05-01 13:57:58,652 - Velocimacro : autoload off : VM system will not automatically reload global library macros
2018-05-01 13:57:58,673 - ResourceManager : found test-subject.vm with loader org.apache.velocity.runtime.resource.loader.ClasspathResourceLoader
2018-05-14 09:49:48,623 - Log4JLogChute initialized using file 'velocity.log'
2018-05-14 09:49:48,623 - Initializing Velocity, Calling init()...
2018-05-14 09:49:48,623 - Starting Apache Velocity v1.7 (compiled: 2010-11-19 12:14:37)
2018-05-14 09:49:48,623 - Default Properties File: org\apache\velocity\runtime\defaults\velocity.properties
2018-05-14 09:49:48,623 - Trying to use logger class org.apache.velocity.runtime.log.AvalonLogChute
2018-05-14 09:49:48,623 - Target log system for org.apache.velocity.runtime.log.AvalonLogChute is not available (java.lang.NoClassDefFoundError: org/apache/log/format/Formatter).  Falling back to next log system...
2018-05-14 09:49:48,623 - Trying to use logger class org.apache.velocity.runtime.log.Log4JLogChute
2018-05-14 09:49:48,623 - Using logger class org.apache.velocity.runtime.log.Log4JLogChute
2018-05-14 09:49:48,638 - ResourceLoader instantiated: org.apache.velocity.runtime.resource.loader.ClasspathResourceLoader
2018-05-14 09:49:48,654 - ResourceCache: initialized (class org.apache.velocity.runtime.resource.ResourceCacheImpl) with class java.util.Collections$SynchronizedMap cache map.
2018-05-14 09:49:48,654 - Loaded System Directive: org.apache.velocity.runtime.directive.Stop
2018-05-14 09:49:48,654 - Loaded System Directive: org.apache.velocity.runtime.directive.Define
2018-05-14 09:49:48,654 - Loaded System Directive: org.apache.velocity.runtime.directive.Break
2018-05-14 09:49:48,654 - Loaded System Directive: org.apache.velocity.runtime.directive.Evaluate
2018-05-14 09:49:48,654 - Loaded System Directive: org.apache.velocity.runtime.directive.Literal
2018-05-14 09:49:48,654 - Loaded System Directive: org.apache.velocity.runtime.directive.Macro
2018-05-14 09:49:48,654 - Loaded System Directive: org.apache.velocity.runtime.directive.Parse
2018-05-14 09:49:48,670 - Loaded System Directive: org.apache.velocity.runtime.directive.Include
2018-05-14 09:49:48,670 - Loaded System Directive: org.apache.velocity.runtime.directive.Foreach
2018-05-14 09:49:48,685 - Created '20' parsers.
2018-05-14 09:49:48,701 - Velocimacro : "velocimacro.library" is not set.  Trying default library: VM_global_library.vm
2018-05-14 09:49:48,701 - Could not load resource 'VM_global_library.vm' from ResourceLoader org.apache.velocity.runtime.resource.loader.ClasspathResourceLoader: ClasspathResourceLoader Error: cannot find resource VM_global_library.vm
2018-05-14 09:49:48,701 - Velocimacro : Default library not found.
2018-05-14 09:49:48,701 - Velocimacro : allowInline = true : VMs can be defined inline in templates
2018-05-14 09:49:48,701 - Velocimacro : allowInlineToOverride = false : VMs defined inline may NOT replace previous VM definitions
2018-05-14 09:49:48,701 - Velocimacro : allowInlineLocal = false : VMs defined inline will be global in scope if allowed.
2018-05-14 09:49:48,701 - Velocimacro : autoload off : VM system will not automatically reload global library macros
2018-05-14 09:49:48,701 - ResourceManager : found test-subject.vm with loader org.apache.velocity.runtime.resource.loader.ClasspathResourceLoader
2018-05-22 10:21:46,863 - Log4JLogChute initialized using file 'velocity.log'
2018-05-22 10:21:46,863 - Initializing Velocity, Calling init()...
2018-05-22 10:21:46,863 - Starting Apache Velocity v1.7 (compiled: 2010-11-19 12:14:37)
2018-05-22 10:21:46,863 - Default Properties File: org\apache\velocity\runtime\defaults\velocity.properties
2018-05-22 10:21:46,863 - Trying to use logger class org.apache.velocity.runtime.log.AvalonLogChute
2018-05-22 10:21:46,863 - Target log system for org.apache.velocity.runtime.log.AvalonLogChute is not available (java.lang.NoClassDefFoundError: org/apache/log/format/Formatter).  Falling back to next log system...
2018-05-22 10:21:46,863 - Trying to use logger class org.apache.velocity.runtime.log.Log4JLogChute
2018-05-22 10:21:46,863 - Using logger class org.apache.velocity.runtime.log.Log4JLogChute
2018-05-22 10:21:46,863 - ResourceLoader instantiated: org.apache.velocity.runtime.resource.loader.ClasspathResourceLoader
2018-05-22 10:21:46,878 - ResourceCache: initialized (class org.apache.velocity.runtime.resource.ResourceCacheImpl) with class java.util.Collections$SynchronizedMap cache map.
2018-05-22 10:21:46,878 - Loaded System Directive: org.apache.velocity.runtime.directive.Stop
2018-05-22 10:21:46,878 - Loaded System Directive: org.apache.velocity.runtime.directive.Define
2018-05-22 10:21:46,878 - Loaded System Directive: org.apache.velocity.runtime.directive.Break
2018-05-22 10:21:46,878 - Loaded System Directive: org.apache.velocity.runtime.directive.Evaluate
2018-05-22 10:21:46,878 - Loaded System Directive: org.apache.velocity.runtime.directive.Literal
2018-05-22 10:21:46,878 - Loaded System Directive: org.apache.velocity.runtime.directive.Macro
2018-05-22 10:21:46,878 - Loaded System Directive: org.apache.velocity.runtime.directive.Parse
2018-05-22 10:21:46,878 - Loaded System Directive: org.apache.velocity.runtime.directive.Include
2018-05-22 10:21:46,878 - Loaded System Directive: org.apache.velocity.runtime.directive.Foreach
2018-05-22 10:21:46,910 - Created '20' parsers.
2018-05-22 10:21:46,910 - Velocimacro : "velocimacro.library" is not set.  Trying default library: VM_global_library.vm
2018-05-22 10:21:46,910 - Could not load resource 'VM_global_library.vm' from ResourceLoader org.apache.velocity.runtime.resource.loader.ClasspathResourceLoader: ClasspathResourceLoader Error: cannot find resource VM_global_library.vm
2018-05-22 10:21:46,910 - Velocimacro : Default library not found.
2018-05-22 10:21:46,910 - Velocimacro : allowInline = true : VMs can be defined inline in templates
2018-05-22 10:21:46,910 - Velocimacro : allowInlineToOverride = false : VMs defined inline may NOT replace previous VM definitions
2018-05-22 10:21:46,910 - Velocimacro : allowInlineLocal = false : VMs defined inline will be global in scope if allowed.
2018-05-22 10:21:46,910 - Velocimacro : autoload off : VM system will not automatically reload global library macros
2018-05-22 10:21:46,925 - ResourceManager : found test-subject.vm with loader org.apache.velocity.runtime.resource.loader.ClasspathResourceLoader
2018-05-22 13:15:33,558 - Log4JLogChute initialized using file 'velocity.log'
2018-05-22 13:15:33,558 - Initializing Velocity, Calling init()...
2018-05-22 13:15:33,558 - Starting Apache Velocity v1.7 (compiled: 2010-11-19 12:14:37)
2018-05-22 13:15:33,558 - Default Properties File: org\apache\velocity\runtime\defaults\velocity.properties
2018-05-22 13:15:33,558 - Trying to use logger class org.apache.velocity.runtime.log.AvalonLogChute
2018-05-22 13:15:33,558 - Target log system for org.apache.velocity.runtime.log.AvalonLogChute is not available (java.lang.NoClassDefFoundError: org/apache/log/format/Formatter).  Falling back to next log system...
2018-05-22 13:15:33,558 - Trying to use logger class org.apache.velocity.runtime.log.Log4JLogChute
2018-05-22 13:15:33,558 - Using logger class org.apache.velocity.runtime.log.Log4JLogChute
2018-05-22 13:15:33,558 - ResourceLoader instantiated: org.apache.velocity.runtime.resource.loader.ClasspathResourceLoader
2018-05-22 13:15:33,574 - ResourceCache: initialized (class org.apache.velocity.runtime.resource.ResourceCacheImpl) with class java.util.Collections$SynchronizedMap cache map.
2018-05-22 13:15:33,574 - Loaded System Directive: org.apache.velocity.runtime.directive.Stop
2018-05-22 13:15:33,574 - Loaded System Directive: org.apache.velocity.runtime.directive.Define
2018-05-22 13:15:33,574 - Loaded System Directive: org.apache.velocity.runtime.directive.Break
2018-05-22 13:15:33,574 - Loaded System Directive: org.apache.velocity.runtime.directive.Evaluate
2018-05-22 13:15:33,574 - Loaded System Directive: org.apache.velocity.runtime.directive.Literal
2018-05-22 13:15:33,574 - Loaded System Directive: org.apache.velocity.runtime.directive.Macro
2018-05-22 13:15:33,574 - Loaded System Directive: org.apache.velocity.runtime.directive.Parse
2018-05-22 13:15:33,574 - Loaded System Directive: org.apache.velocity.runtime.directive.Include
2018-05-22 13:15:33,574 - Loaded System Directive: org.apache.velocity.runtime.directive.Foreach
2018-05-22 13:15:33,590 - Created '20' parsers.
2018-05-22 13:15:33,605 - Velocimacro : "velocimacro.library" is not set.  Trying default library: VM_global_library.vm
2018-05-22 13:15:33,605 - Could not load resource 'VM_global_library.vm' from ResourceLoader org.apache.velocity.runtime.resource.loader.ClasspathResourceLoader: ClasspathResourceLoader Error: cannot find resource VM_global_library.vm
2018-05-22 13:15:33,605 - Velocimacro : Default library not found.
2018-05-22 13:15:33,605 - Velocimacro : allowInline = true : VMs can be defined inline in templates
2018-05-22 13:15:33,605 - Velocimacro : allowInlineToOverride = false : VMs defined inline may NOT replace previous VM definitions
2018-05-22 13:15:33,605 - Velocimacro : allowInlineLocal = false : VMs defined inline will be global in scope if allowed.
2018-05-22 13:15:33,605 - Velocimacro : autoload off : VM system will not automatically reload global library macros
2018-05-22 13:15:33,605 - ResourceManager : found test-subject.vm with loader org.apache.velocity.runtime.resource.loader.ClasspathResourceLoader
2018-06-11 15:13:19,818 - Log4JLogChute initialized using file 'velocity.log'
2018-06-11 15:13:19,819 - Initializing Velocity, Calling init()...
2018-06-11 15:13:19,819 - Starting Apache Velocity v1.7 (compiled: 2010-11-19 12:14:37)
2018-06-11 15:13:19,819 - Default Properties File: org\apache\velocity\runtime\defaults\velocity.properties
2018-06-11 15:13:19,819 - Trying to use logger class org.apache.velocity.runtime.log.AvalonLogChute
2018-06-11 15:13:19,819 - Target log system for org.apache.velocity.runtime.log.AvalonLogChute is not available (java.lang.NoClassDefFoundError: org/apache/log/format/Formatter).  Falling back to next log system...
2018-06-11 15:13:19,819 - Trying to use logger class org.apache.velocity.runtime.log.Log4JLogChute
2018-06-11 15:13:19,819 - Using logger class org.apache.velocity.runtime.log.Log4JLogChute
2018-06-11 15:13:19,826 - ResourceLoader instantiated: org.apache.velocity.runtime.resource.loader.ClasspathResourceLoader
2018-06-11 15:13:19,843 - ResourceCache: initialized (class org.apache.velocity.runtime.resource.ResourceCacheImpl) with class java.util.Collections$SynchronizedMap cache map.
2018-06-11 15:13:19,846 - Loaded System Directive: org.apache.velocity.runtime.directive.Stop
2018-06-11 15:13:19,848 - Loaded System Directive: org.apache.velocity.runtime.directive.Define
2018-06-11 15:13:19,849 - Loaded System Directive: org.apache.velocity.runtime.directive.Break
2018-06-11 15:13:19,850 - Loaded System Directive: org.apache.velocity.runtime.directive.Evaluate
2018-06-11 15:13:19,850 - Loaded System Directive: org.apache.velocity.runtime.directive.Literal
2018-06-11 15:13:19,852 - Loaded System Directive: org.apache.velocity.runtime.directive.Macro
2018-06-11 15:13:19,854 - Loaded System Directive: org.apache.velocity.runtime.directive.Parse
2018-06-11 15:13:19,862 - Loaded System Directive: org.apache.velocity.runtime.directive.Include
2018-06-11 15:13:19,864 - Loaded System Directive: org.apache.velocity.runtime.directive.Foreach
2018-06-11 15:13:19,907 - Created '20' parsers.
2018-06-11 15:13:19,915 - Velocimacro : "velocimacro.library" is not set.  Trying default library: VM_global_library.vm
2018-06-11 15:13:19,915 - Could not load resource 'VM_global_library.vm' from ResourceLoader org.apache.velocity.runtime.resource.loader.ClasspathResourceLoader: ClasspathResourceLoader Error: cannot find resource VM_global_library.vm
2018-06-11 15:13:19,915 - Velocimacro : Default library not found.
2018-06-11 15:13:19,915 - Velocimacro : allowInline = true : VMs can be defined inline in templates
2018-06-11 15:13:19,915 - Velocimacro : allowInlineToOverride = false : VMs defined inline may NOT replace previous VM definitions
2018-06-11 15:13:19,915 - Velocimacro : allowInlineLocal = false : VMs defined inline will be global in scope if allowed.
2018-06-11 15:13:19,915 - Velocimacro : autoload off : VM system will not automatically reload global library macros
2018-06-11 15:13:19,924 - ResourceManager : found test-subject.vm with loader org.apache.velocity.runtime.resource.loader.ClasspathResourceLoader
